<?xml version="1.0" encoding="UTF-8"?>
<!-- Generated by org.testng.reporters.JUnitXMLReporter -->
<testsuite hostname="XE-TMAC-ANUBRATAG" ignored="0" name="Saal Challenge App Test Case" tests="3" failures="0" timestamp="27 May 2019 21:42:22 GMT" time="0.03" errors="0">
  <testcase name="@BeforeTest setup" time="0.0" classname="com.saal.challenge.WebTest">
    <failure type="org.testng.TestNGException" message="
Parameter &amp;apos;browser&amp;apos; is required by BeforeTest on method setup but has not been marked @Optional or defined
in /Users/mohitpuri/qa-test-saal/src/test/resources/testng.xml">
      <![CDATA[org.testng.TestNGException: 
Parameter 'browser' is required by BeforeTest on method setup but has not been marked @Optional or defined
in /Users/mohitpuri/qa-test-saal/src/test/resources/testng.xml
... Removed 21 stack frames]]>
    </failure>
  </testcase> <!-- @BeforeTest setup -->
  <testcase name="@AfterTest tearDown" time="0.0" classname="com.saal.challenge.WebTest">
    <skipped/>
  </testcase> <!-- @AfterTest tearDown -->
  <testcase name="checkoutTest" time="0.0" classname="com.saal.challenge.WebTest">
    <skipped/>
  </testcase> <!-- checkoutTest -->
  <testcase name="signInTest" time="0.0" classname="com.saal.challenge.WebTest">
    <skipped/>
  </testcase> <!-- signInTest -->
  <testcase name="logInTest" time="0.0" classname="com.saal.challenge.WebTest">
    <skipped/>
  </testcase> <!-- logInTest -->
</testsuite> <!-- Saal Challenge App Test Case -->
